<?xml version="1.0" encoding="UTF-8"?>
<testsuite xmlns:xsi="http://www.w3.org/2001/XMLSchema-instance" xsi:noNamespaceSchemaLocation="https://maven.apache.org/surefire/maven-surefire-plugin/xsd/surefire-test-report-3.0.xsd" version="3.0" name="edu.whu.ioc.parser.XMLBeanParserTest" time="0.13" tests="3" errors="0" skipped="0" failures="0">
  <properties>
[...]
</properties>
  <testcase name="testParseContructorDI" classname="edu.whu.ioc.parser.XMLBeanParserTest" time="0.102"/>
  <testcase name="testParsePropDI" classname="edu.whu.ioc.parser.XMLBeanParserTest" time="0.005"/>
  <testcase name="testParse" classname="edu.whu.ioc.parser.XMLBeanParserTest" time="0.006"/>
</testsuite>